<?xml version="1.0" encoding="UTF-8"?>
<!-- Generated by org.testng.reporters.JUnitReportReporter -->
<testsuite hostname="Mirjam-PC" name="it.polimi.guessbid.control.UserControllerTest" tests="1" failures="0" timestamp="18 Jun 2015 19:21:28 GMT" time="0.123" errors="0">
  <testcase name="newUsersShouldBelongToUserGroupAndSavedOnce" time="0.123" classname="it.polimi.guessbid.control.UserControllerTest"/>
</testsuite> <!-- it.polimi.guessbid.control.UserControllerTest -->
