<?xml version="1.0" encoding="UTF-8"?>
<!-- Generated by org.testng.reporters.JUnitReportReporter -->
<testsuite hostname="Mirjam-PC" name="it.polimi.guessbid.control.UserControllerTest" tests="1" failures="0" timestamp="10 Jun 2015 17:23:26 GMT" time="0.114" errors="0">
  <testcase name="newUsersShouldBelongToUserGroupAndSavedOnce" time="0.114" classname="it.polimi.guessbid.control.UserControllerTest"/>
</testsuite> <!-- it.polimi.guessbid.control.UserControllerTest -->
